INFO - 2024-05-19 14:55:14 --> Session: Class initialized using 'CodeIgniter\Session\Handlers\FileHandler' driver.
INFO - 2024-05-19 14:55:52 --> CSRF token verified.
INFO - 2024-05-19 15:26:49 --> Session: Class initialized using 'CodeIgniter\Session\Handlers\FileHandler' driver.
INFO - 2024-05-19 16:02:41 --> Session: Class initialized using 'CodeIgniter\Session\Handlers\FileHandler' driver.
CRITICAL - 2024-05-19 16:03:08 --> CodeIgniter\View\Exceptions\ViewException: Invalid file: "email/create.php"
[Method: GET, Route: emails/new]
in SYSTEMPATH\Exceptions\FrameworkException.php on line 41.
 1 SYSTEMPATH\View\View.php(222): CodeIgniter\Exceptions\FrameworkException::forInvalidFile('email/create.php')
 2 SYSTEMPATH\Common.php(1171): CodeIgniter\View\View->render('email/create', [], true)
 3 APPPATH\Controllers\Emails.php(46): view('email/create')
 4 SYSTEMPATH\CodeIgniter.php(933): App\Controllers\Emails->new()
 5 SYSTEMPATH\CodeIgniter.php(509): CodeIgniter\CodeIgniter->runController(Object(App\Controllers\Emails))
 6 SYSTEMPATH\CodeIgniter.php(355): CodeIgniter\CodeIgniter->handleRequest(null, Object(Config\Cache), false)
 7 SYSTEMPATH\Boot.php(312): CodeIgniter\CodeIgniter->run()
 8 SYSTEMPATH\Boot.php(67): CodeIgniter\Boot::runCodeIgniter(Object(CodeIgniter\CodeIgniter))
 9 FCPATH\index.php(56): CodeIgniter\Boot::bootWeb(Object(Config\Paths))
10 SYSTEMPATH\Commands\Server\rewrite.php(49): require_once('C:\\Users\\user\\Documents\\SIT Stuff\\CSC1106 - Web Programming\\csc1106-tutorials\\CodeIgniter\\codeigniter4-framework-v4.5.1-0-g9b2cd73\\public\\index.php')
CRITICAL - 2024-05-19 16:03:18 --> CodeIgniter\View\Exceptions\ViewException: Invalid file: "email/create.php"
[Method: GET, Route: emails/new]
in SYSTEMPATH\Exceptions\FrameworkException.php on line 41.
 1 SYSTEMPATH\View\View.php(222): CodeIgniter\Exceptions\FrameworkException::forInvalidFile('email/create.php')
 2 SYSTEMPATH\Common.php(1171): CodeIgniter\View\View->render('email/create', [], true)
 3 APPPATH\Controllers\Emails.php(46): view('email/create')
 4 SYSTEMPATH\CodeIgniter.php(933): App\Controllers\Emails->new()
 5 SYSTEMPATH\CodeIgniter.php(509): CodeIgniter\CodeIgniter->runController(Object(App\Controllers\Emails))
 6 SYSTEMPATH\CodeIgniter.php(355): CodeIgniter\CodeIgniter->handleRequest(null, Object(Config\Cache), false)
 7 SYSTEMPATH\Boot.php(312): CodeIgniter\CodeIgniter->run()
 8 SYSTEMPATH\Boot.php(67): CodeIgniter\Boot::runCodeIgniter(Object(CodeIgniter\CodeIgniter))
 9 FCPATH\index.php(56): CodeIgniter\Boot::bootWeb(Object(Config\Paths))
10 SYSTEMPATH\Commands\Server\rewrite.php(49): require_once('C:\\Users\\user\\Documents\\SIT Stuff\\CSC1106 - Web Programming\\csc1106-tutorials\\CodeIgniter\\codeigniter4-framework-v4.5.1-0-g9b2cd73\\public\\index.php')
INFO - 2024-05-19 16:04:32 --> Session: Class initialized using 'CodeIgniter\Session\Handlers\FileHandler' driver.
INFO - 2024-05-19 16:04:54 --> CSRF token verified.
CRITICAL - 2024-05-19 16:05:20 --> ErrorException: Undefined variable $news_list
[Method: GET, Route: emails]
in APPPATH\Views\emails\index.php on line 3.
 1 APPPATH\Views\emails\index.php(3): CodeIgniter\Debug\Exceptions->errorHandler(2, 'Undefined variable $news_list', 'C:\\Users\\user\\Documents\\SIT Stuff\\CSC1106 - Web Programming\\csc1106-tutorials\\CodeIgniter\\codeigniter4-framework-v4.5.1-0-g9b2cd73\\app\\Views\\emails\\index.php', 3)
 2 SYSTEMPATH\View\View.php(234): include('C:\\Users\\user\\Documents\\SIT Stuff\\CSC1106 - Web Programming\\csc1106-tutorials\\CodeIgniter\\codeigniter4-framework-v4.5.1-0-g9b2cd73\\app\\Views\\emails\\index.php')
 3 SYSTEMPATH\View\View.php(237): CodeIgniter\View\View->CodeIgniter\View\{closure}()
 4 SYSTEMPATH\Common.php(1171): CodeIgniter\View\View->render('emails/index', [], true)
 5 APPPATH\Controllers\Emails.php(20): view('emails/index')
 6 SYSTEMPATH\CodeIgniter.php(933): App\Controllers\Emails->index()
 7 SYSTEMPATH\CodeIgniter.php(509): CodeIgniter\CodeIgniter->runController(Object(App\Controllers\Emails))
 8 SYSTEMPATH\CodeIgniter.php(355): CodeIgniter\CodeIgniter->handleRequest(null, Object(Config\Cache), false)
 9 SYSTEMPATH\Boot.php(312): CodeIgniter\CodeIgniter->run()
10 SYSTEMPATH\Boot.php(67): CodeIgniter\Boot::runCodeIgniter(Object(CodeIgniter\CodeIgniter))
11 FCPATH\index.php(56): CodeIgniter\Boot::bootWeb(Object(Config\Paths))
12 SYSTEMPATH\Commands\Server\rewrite.php(49): require_once('C:\\Users\\user\\Documents\\SIT Stuff\\CSC1106 - Web Programming\\csc1106-tutorials\\CodeIgniter\\codeigniter4-framework-v4.5.1-0-g9b2cd73\\public\\index.php')
INFO - 2024-05-19 16:09:42 --> Session: Class initialized using 'CodeIgniter\Session\Handlers\FileHandler' driver.
INFO - 2024-05-19 16:11:42 --> CSRF token verified.
INFO - 2024-05-19 16:13:25 --> Session: Class initialized using 'CodeIgniter\Session\Handlers\FileHandler' driver.
INFO - 2024-05-19 16:13:41 --> CSRF token verified.
INFO - 2024-05-19 16:13:41 --> Session: Class initialized using 'CodeIgniter\Session\Handlers\FileHandler' driver.
INFO - 2024-05-19 16:18:42 --> CSRF token verified.
INFO - 2024-05-19 16:18:42 --> Session: Class initialized using 'CodeIgniter\Session\Handlers\FileHandler' driver.
INFO - 2024-05-19 16:18:49 --> CSRF token verified.
INFO - 2024-05-19 16:18:49 --> Session: Class initialized using 'CodeIgniter\Session\Handlers\FileHandler' driver.
INFO - 2024-05-19 16:18:50 --> CSRF token verified.
INFO - 2024-05-19 16:18:50 --> Session: Class initialized using 'CodeIgniter\Session\Handlers\FileHandler' driver.
INFO - 2024-05-19 16:18:51 --> CSRF token verified.
INFO - 2024-05-19 16:18:51 --> Session: Class initialized using 'CodeIgniter\Session\Handlers\FileHandler' driver.
INFO - 2024-05-19 16:19:34 --> CSRF token verified.
INFO - 2024-05-19 16:19:34 --> Session: Class initialized using 'CodeIgniter\Session\Handlers\FileHandler' driver.
INFO - 2024-05-19 16:20:13 --> CSRF token verified.
INFO - 2024-05-19 16:20:13 --> Session: Class initialized using 'CodeIgniter\Session\Handlers\FileHandler' driver.
INFO - 2024-05-19 16:21:15 --> CSRF token verified.
CRITICAL - 2024-05-19 16:21:25 --> ErrorException: Undefined variable $news
[Method: GET, Route: emails/bob]
in APPPATH\Views\emails\view.php on line 1.
 1 APPPATH\Views\emails\view.php(1): CodeIgniter\Debug\Exceptions->errorHandler(2, 'Undefined variable $news', 'C:\\Users\\user\\Documents\\SIT Stuff\\CSC1106 - Web Programming\\csc1106-tutorials\\CodeIgniter\\codeigniter4-framework-v4.5.1-0-g9b2cd73\\app\\Views\\emails\\view.php', 1)
 2 SYSTEMPATH\View\View.php(234): include('C:\\Users\\user\\Documents\\SIT Stuff\\CSC1106 - Web Programming\\csc1106-tutorials\\CodeIgniter\\codeigniter4-framework-v4.5.1-0-g9b2cd73\\app\\Views\\emails\\view.php')
 3 SYSTEMPATH\View\View.php(237): CodeIgniter\View\View->CodeIgniter\View\{closure}()
 4 SYSTEMPATH\Common.php(1171): CodeIgniter\View\View->render('emails/view', [], true)
 5 APPPATH\Controllers\Emails.php(37): view('emails/view')
 6 SYSTEMPATH\CodeIgniter.php(933): App\Controllers\Emails->show('bob')
 7 SYSTEMPATH\CodeIgniter.php(509): CodeIgniter\CodeIgniter->runController(Object(App\Controllers\Emails))
 8 SYSTEMPATH\CodeIgniter.php(355): CodeIgniter\CodeIgniter->handleRequest(null, Object(Config\Cache), false)
 9 SYSTEMPATH\Boot.php(312): CodeIgniter\CodeIgniter->run()
10 SYSTEMPATH\Boot.php(67): CodeIgniter\Boot::runCodeIgniter(Object(CodeIgniter\CodeIgniter))
11 FCPATH\index.php(56): CodeIgniter\Boot::bootWeb(Object(Config\Paths))
12 SYSTEMPATH\Commands\Server\rewrite.php(49): require_once('C:\\Users\\user\\Documents\\SIT Stuff\\CSC1106 - Web Programming\\csc1106-tutorials\\CodeIgniter\\codeigniter4-framework-v4.5.1-0-g9b2cd73\\public\\index.php')
CRITICAL - 2024-05-19 16:22:29 --> ErrorException: Undefined variable $news
[Method: GET, Route: emails/bob]
in APPPATH\Views\emails\view.php on line 1.
 1 APPPATH\Views\emails\view.php(1): CodeIgniter\Debug\Exceptions->errorHandler(2, 'Undefined variable $news', 'C:\\Users\\user\\Documents\\SIT Stuff\\CSC1106 - Web Programming\\csc1106-tutorials\\CodeIgniter\\codeigniter4-framework-v4.5.1-0-g9b2cd73\\app\\Views\\emails\\view.php', 1)
 2 SYSTEMPATH\View\View.php(234): include('C:\\Users\\user\\Documents\\SIT Stuff\\CSC1106 - Web Programming\\csc1106-tutorials\\CodeIgniter\\codeigniter4-framework-v4.5.1-0-g9b2cd73\\app\\Views\\emails\\view.php')
 3 SYSTEMPATH\View\View.php(237): CodeIgniter\View\View->CodeIgniter\View\{closure}()
 4 SYSTEMPATH\Common.php(1171): CodeIgniter\View\View->render('emails/view', [], true)
 5 APPPATH\Controllers\Emails.php(37): view('emails/view')
 6 SYSTEMPATH\CodeIgniter.php(933): App\Controllers\Emails->show('bob')
 7 SYSTEMPATH\CodeIgniter.php(509): CodeIgniter\CodeIgniter->runController(Object(App\Controllers\Emails))
 8 SYSTEMPATH\CodeIgniter.php(355): CodeIgniter\CodeIgniter->handleRequest(null, Object(Config\Cache), false)
 9 SYSTEMPATH\Boot.php(312): CodeIgniter\CodeIgniter->run()
10 SYSTEMPATH\Boot.php(67): CodeIgniter\Boot::runCodeIgniter(Object(CodeIgniter\CodeIgniter))
11 FCPATH\index.php(56): CodeIgniter\Boot::bootWeb(Object(Config\Paths))
12 SYSTEMPATH\Commands\Server\rewrite.php(49): require_once('C:\\Users\\user\\Documents\\SIT Stuff\\CSC1106 - Web Programming\\csc1106-tutorials\\CodeIgniter\\codeigniter4-framework-v4.5.1-0-g9b2cd73\\public\\index.php')
CRITICAL - 2024-05-19 16:26:54 --> ErrorException: Undefined variable $emails
[Method: GET, Route: emails/bob]
in APPPATH\Views\emails\view.php on line 1.
 1 APPPATH\Views\emails\view.php(1): CodeIgniter\Debug\Exceptions->errorHandler(2, 'Undefined variable $emails', 'C:\\Users\\user\\Documents\\SIT Stuff\\CSC1106 - Web Programming\\csc1106-tutorials\\CodeIgniter\\codeigniter4-framework-v4.5.1-0-g9b2cd73\\app\\Views\\emails\\view.php', 1)
 2 SYSTEMPATH\View\View.php(234): include('C:\\Users\\user\\Documents\\SIT Stuff\\CSC1106 - Web Programming\\csc1106-tutorials\\CodeIgniter\\codeigniter4-framework-v4.5.1-0-g9b2cd73\\app\\Views\\emails\\view.php')
 3 SYSTEMPATH\View\View.php(237): CodeIgniter\View\View->CodeIgniter\View\{closure}()
 4 SYSTEMPATH\Common.php(1171): CodeIgniter\View\View->render('emails/view', [], true)
 5 APPPATH\Controllers\Emails.php(37): view('emails/view')
 6 SYSTEMPATH\CodeIgniter.php(933): App\Controllers\Emails->show('bob')
 7 SYSTEMPATH\CodeIgniter.php(509): CodeIgniter\CodeIgniter->runController(Object(App\Controllers\Emails))
 8 SYSTEMPATH\CodeIgniter.php(355): CodeIgniter\CodeIgniter->handleRequest(null, Object(Config\Cache), false)
 9 SYSTEMPATH\Boot.php(312): CodeIgniter\CodeIgniter->run()
10 SYSTEMPATH\Boot.php(67): CodeIgniter\Boot::runCodeIgniter(Object(CodeIgniter\CodeIgniter))
11 FCPATH\index.php(56): CodeIgniter\Boot::bootWeb(Object(Config\Paths))
12 SYSTEMPATH\Commands\Server\rewrite.php(49): require_once('C:\\Users\\user\\Documents\\SIT Stuff\\CSC1106 - Web Programming\\csc1106-tutorials\\CodeIgniter\\codeigniter4-framework-v4.5.1-0-g9b2cd73\\public\\index.php')
